<?xml version="1.0" encoding="UTF-8" ?>
<testsuite tests="3" failures="0" name="co.com.ceiba.parqueadero.rest.ParqueaderoWSTest" time="0.383" errors="0" skipped="0">
  <properties>
[...]
</properties>
  <testcase classname="co.com.ceiba.parqueadero.rest.ParqueaderoWSTest" name="ConsultarAutomovilnoExisteTest" time="0.362"/>
  <testcase classname="co.com.ceiba.parqueadero.rest.ParqueaderoWSTest" name="ConsultarAutomovilesTest" time="0.011"/>
  <testcase classname="co.com.ceiba.parqueadero.rest.ParqueaderoWSTest" name="ConsultarAutomovilTest" time="0.01"/>
</testsuite>